\BOOKMARK [0][-]{chapter.1}{\376\377\0001\000\040\000H\000i\000e\000r\000a\000r\000c\000h\000i\000c\000a\000l\000\040\000I\000n\000d\000e\000x}{}% 1
\BOOKMARK [1][-]{section.1.1}{\376\377\0001\000.\0001\000\040\000C\000l\000a\000s\000s\000\040\000H\000i\000e\000r\000a\000r\000c\000h\000y}{chapter.1}% 2
\BOOKMARK [0][-]{chapter.2}{\376\377\0002\000\040\000C\000l\000a\000s\000s\000\040\000I\000n\000d\000e\000x}{}% 3
\BOOKMARK [1][-]{section.2.1}{\376\377\0002\000.\0001\000\040\000C\000l\000a\000s\000s\000\040\000L\000i\000s\000t}{chapter.2}% 4
\BOOKMARK [0][-]{chapter.3}{\376\377\0003\000\040\000F\000i\000l\000e\000\040\000I\000n\000d\000e\000x}{}% 5
\BOOKMARK [1][-]{section.3.1}{\376\377\0003\000.\0001\000\040\000F\000i\000l\000e\000\040\000L\000i\000s\000t}{chapter.3}% 6
\BOOKMARK [0][-]{chapter.4}{\376\377\0004\000\040\000C\000l\000a\000s\000s\000\040\000D\000o\000c\000u\000m\000e\000n\000t\000a\000t\000i\000o\000n}{}% 7
\BOOKMARK [1][-]{section.4.1}{\376\377\0004\000.\0001\000\040\000a\000c\000c\000o\000u\000n\000t\000\040\000C\000l\000a\000s\000s\000\040\000R\000e\000f\000e\000r\000e\000n\000c\000e}{chapter.4}% 8
\BOOKMARK [2][-]{subsection.4.1.1}{\376\377\0004\000.\0001\000.\0001\000\040\000D\000e\000t\000a\000i\000l\000e\000d\000\040\000D\000e\000s\000c\000r\000i\000p\000t\000i\000o\000n}{section.4.1}% 9
\BOOKMARK [2][-]{subsection.4.1.2}{\376\377\0004\000.\0001\000.\0002\000\040\000C\000o\000n\000s\000t\000r\000u\000c\000t\000o\000r\000\040\000\046\000\040\000D\000e\000s\000t\000r\000u\000c\000t\000o\000r\000\040\000D\000o\000c\000u\000m\000e\000n\000t\000a\000t\000i\000o\000n}{section.4.1}% 10
\BOOKMARK [3][-]{subsubsection.4.1.2.1}{\376\377\0004\000.\0001\000.\0002\000.\0001\000\040\000a\000c\000c\000o\000u\000n\000t\000\050\000\051\000\040\000[\0001\000/\0002\000]}{subsection.4.1.2}% 11
\BOOKMARK [3][-]{subsubsection.4.1.2.2}{\376\377\0004\000.\0001\000.\0002\000.\0002\000\040\000a\000c\000c\000o\000u\000n\000t\000\050\000\051\000\040\000[\0002\000/\0002\000]}{subsection.4.1.2}% 12
\BOOKMARK [2][-]{subsection.4.1.3}{\376\377\0004\000.\0001\000.\0003\000\040\000M\000e\000m\000b\000e\000r\000\040\000F\000u\000n\000c\000t\000i\000o\000n\000\040\000D\000o\000c\000u\000m\000e\000n\000t\000a\000t\000i\000o\000n}{section.4.1}% 13
\BOOKMARK [3][-]{subsubsection.4.1.3.1}{\376\377\0004\000.\0001\000.\0003\000.\0001\000\040\000p\000r\000i\000n\000t\000\050\000\051}{subsection.4.1.3}% 14
\BOOKMARK [1][-]{section.4.2}{\376\377\0004\000.\0002\000\040\000B\000u\000t\000t\000o\000n\000\040\000C\000l\000a\000s\000s\000\040\000R\000e\000f\000e\000r\000e\000n\000c\000e}{chapter.4}% 15
\BOOKMARK [2][-]{subsection.4.2.1}{\376\377\0004\000.\0002\000.\0001\000\040\000D\000e\000t\000a\000i\000l\000e\000d\000\040\000D\000e\000s\000c\000r\000i\000p\000t\000i\000o\000n}{section.4.2}% 16
\BOOKMARK [2][-]{subsection.4.2.2}{\376\377\0004\000.\0002\000.\0002\000\040\000C\000o\000n\000s\000t\000r\000u\000c\000t\000o\000r\000\040\000\046\000\040\000D\000e\000s\000t\000r\000u\000c\000t\000o\000r\000\040\000D\000o\000c\000u\000m\000e\000n\000t\000a\000t\000i\000o\000n}{section.4.2}% 17
\BOOKMARK [3][-]{subsubsection.4.2.2.1}{\376\377\0004\000.\0002\000.\0002\000.\0001\000\040\000B\000u\000t\000t\000o\000n\000\050\000\051}{subsection.4.2.2}% 18
\BOOKMARK [2][-]{subsection.4.2.3}{\376\377\0004\000.\0002\000.\0003\000\040\000M\000e\000m\000b\000e\000r\000\040\000F\000u\000n\000c\000t\000i\000o\000n\000\040\000D\000o\000c\000u\000m\000e\000n\000t\000a\000t\000i\000o\000n}{section.4.2}% 19
\BOOKMARK [3][-]{subsubsection.4.2.3.1}{\376\377\0004\000.\0002\000.\0003\000.\0001\000\040\000c\000l\000i\000c\000k\000e\000d}{subsection.4.2.3}% 20
\BOOKMARK [3][-]{subsubsection.4.2.3.2}{\376\377\0004\000.\0002\000.\0003\000.\0002\000\040\000h\000o\000v\000e\000r\000E\000n\000t\000e\000r\000E\000v\000e\000n\000t\000\050\000\051}{subsection.4.2.3}% 21
\BOOKMARK [3][-]{subsubsection.4.2.3.3}{\376\377\0004\000.\0002\000.\0003\000.\0003\000\040\000h\000o\000v\000e\000r\000L\000e\000a\000v\000e\000E\000v\000e\000n\000t\000\050\000\051}{subsection.4.2.3}% 22
\BOOKMARK [3][-]{subsubsection.4.2.3.4}{\376\377\0004\000.\0002\000.\0003\000.\0004\000\040\000m\000o\000u\000s\000e\000P\000r\000e\000s\000s\000E\000v\000e\000n\000t\000\050\000\051}{subsection.4.2.3}% 23
\BOOKMARK [1][-]{section.4.3}{\376\377\0004\000.\0003\000\040\000g\000a\000m\000e\0001\000m\000e\000n\000u\000\040\000C\000l\000a\000s\000s\000\040\000R\000e\000f\000e\000r\000e\000n\000c\000e}{chapter.4}% 24
\BOOKMARK [2][-]{subsection.4.3.1}{\376\377\0004\000.\0003\000.\0001\000\040\000D\000e\000t\000a\000i\000l\000e\000d\000\040\000D\000e\000s\000c\000r\000i\000p\000t\000i\000o\000n}{section.4.3}% 25
\BOOKMARK [2][-]{subsection.4.3.2}{\376\377\0004\000.\0003\000.\0002\000\040\000C\000o\000n\000s\000t\000r\000u\000c\000t\000o\000r\000\040\000\046\000\040\000D\000e\000s\000t\000r\000u\000c\000t\000o\000r\000\040\000D\000o\000c\000u\000m\000e\000n\000t\000a\000t\000i\000o\000n}{section.4.3}% 26
\BOOKMARK [3][-]{subsubsection.4.3.2.1}{\376\377\0004\000.\0003\000.\0002\000.\0001\000\040\000g\000a\000m\000e\0001\000m\000e\000n\000u\000\050\000\051}{subsection.4.3.2}% 27
\BOOKMARK [2][-]{subsection.4.3.3}{\376\377\0004\000.\0003\000.\0003\000\040\000M\000e\000m\000b\000e\000r\000\040\000F\000u\000n\000c\000t\000i\000o\000n\000\040\000D\000o\000c\000u\000m\000e\000n\000t\000a\000t\000i\000o\000n}{section.4.3}% 28
\BOOKMARK [3][-]{subsubsection.4.3.3.1}{\376\377\0004\000.\0003\000.\0003\000.\0001\000\040\000B\000a\000c\000k\000k}{subsection.4.3.3}% 29
\BOOKMARK [3][-]{subsubsection.4.3.3.2}{\376\377\0004\000.\0003\000.\0003\000.\0002\000\040\000p\000l\000a\000y\000b}{subsection.4.3.3}% 30
\BOOKMARK [1][-]{section.4.4}{\376\377\0004\000.\0004\000\040\000g\000a\000m\000e\0001\000s\000c\000e\000n\000e\000\040\000C\000l\000a\000s\000s\000\040\000R\000e\000f\000e\000r\000e\000n\000c\000e}{chapter.4}% 31
\BOOKMARK [2][-]{subsection.4.4.1}{\376\377\0004\000.\0004\000.\0001\000\040\000D\000e\000t\000a\000i\000l\000e\000d\000\040\000D\000e\000s\000c\000r\000i\000p\000t\000i\000o\000n}{section.4.4}% 32
\BOOKMARK [2][-]{subsection.4.4.2}{\376\377\0004\000.\0004\000.\0002\000\040\000C\000o\000n\000s\000t\000r\000u\000c\000t\000o\000r\000\040\000\046\000\040\000D\000e\000s\000t\000r\000u\000c\000t\000o\000r\000\040\000D\000o\000c\000u\000m\000e\000n\000t\000a\000t\000i\000o\000n}{section.4.4}% 33
\BOOKMARK [3][-]{subsubsection.4.4.2.1}{\376\377\0004\000.\0004\000.\0002\000.\0001\000\040\000g\000a\000m\000e\0001\000s\000c\000e\000n\000e\000\050\000\051}{subsection.4.4.2}% 34
\BOOKMARK [2][-]{subsection.4.4.3}{\376\377\0004\000.\0004\000.\0003\000\040\000M\000e\000m\000b\000e\000r\000\040\000F\000u\000n\000c\000t\000i\000o\000n\000\040\000D\000o\000c\000u\000m\000e\000n\000t\000a\000t\000i\000o\000n}{section.4.4}% 35
\BOOKMARK [3][-]{subsubsection.4.4.3.1}{\376\377\0004\000.\0004\000.\0003\000.\0001\000\040\000c\000r\000e\000a\000t\000e\000\137\000i\000n\000s\000t\000a\000n\000c\000e}{subsection.4.4.3}% 36
\BOOKMARK [3][-]{subsubsection.4.4.3.2}{\376\377\0004\000.\0004\000.\0003\000.\0002\000\040\000d\000r\000a\000w\000P\000a\000n\000e\000l\000\050\000\051}{subsection.4.4.3}% 37
\BOOKMARK [3][-]{subsubsection.4.4.3.3}{\376\377\0004\000.\0004\000.\0003\000.\0003\000\040\000l\000o\000s\000e\000\050\000\051}{subsection.4.4.3}% 38
\BOOKMARK [3][-]{subsubsection.4.4.3.4}{\376\377\0004\000.\0004\000.\0003\000.\0004\000\040\000q\000u\000i\000t\000G\000a\000m\000e}{subsection.4.4.3}% 39
\BOOKMARK [3][-]{subsubsection.4.4.3.5}{\376\377\0004\000.\0004\000.\0003\000.\0005\000\040\000r\000e\000s\000t\000a\000r\000t\000G\000a\000m\000e}{subsection.4.4.3}% 40
\BOOKMARK [3][-]{subsubsection.4.4.3.6}{\376\377\0004\000.\0004\000.\0003\000.\0006\000\040\000u\000p\000d\000a\000t\000e\000\137\000c\000o\000u\000n\000t\000e\000r\000s}{subsection.4.4.3}% 41
\BOOKMARK [3][-]{subsubsection.4.4.3.7}{\376\377\0004\000.\0004\000.\0003\000.\0007\000\040\000w\000i\000n\000\050\000\051}{subsection.4.4.3}% 42
\BOOKMARK [1][-]{section.4.5}{\376\377\0004\000.\0005\000\040\000g\000a\000m\000e\0001\000s\000c\000o\000r\000e\000\040\000C\000l\000a\000s\000s\000\040\000R\000e\000f\000e\000r\000e\000n\000c\000e}{chapter.4}% 43
\BOOKMARK [2][-]{subsection.4.5.1}{\376\377\0004\000.\0005\000.\0001\000\040\000D\000e\000t\000a\000i\000l\000e\000d\000\040\000D\000e\000s\000c\000r\000i\000p\000t\000i\000o\000n}{section.4.5}% 44
\BOOKMARK [2][-]{subsection.4.5.2}{\376\377\0004\000.\0005\000.\0002\000\040\000C\000o\000n\000s\000t\000r\000u\000c\000t\000o\000r\000\040\000\046\000\040\000D\000e\000s\000t\000r\000u\000c\000t\000o\000r\000\040\000D\000o\000c\000u\000m\000e\000n\000t\000a\000t\000i\000o\000n}{section.4.5}% 45
\BOOKMARK [3][-]{subsubsection.4.5.2.1}{\376\377\0004\000.\0005\000.\0002\000.\0001\000\040\000g\000a\000m\000e\0001\000s\000c\000o\000r\000e\000\050\000\051}{subsection.4.5.2}% 46
\BOOKMARK [2][-]{subsection.4.5.3}{\376\377\0004\000.\0005\000.\0003\000\040\000M\000e\000m\000b\000e\000r\000\040\000F\000u\000n\000c\000t\000i\000o\000n\000\040\000D\000o\000c\000u\000m\000e\000n\000t\000a\000t\000i\000o\000n}{section.4.5}% 47
\BOOKMARK [3][-]{subsubsection.4.5.3.1}{\376\377\0004\000.\0005\000.\0003\000.\0001\000\040\000b\000i\000\050\000\051}{subsection.4.5.3}% 48
\BOOKMARK [3][-]{subsubsection.4.5.3.2}{\376\377\0004\000.\0005\000.\0003\000.\0002\000\040\000m\000i\000\050\000\051}{subsection.4.5.3}% 49
\BOOKMARK [3][-]{subsubsection.4.5.3.3}{\376\377\0004\000.\0005\000.\0003\000.\0003\000\040\000s\000i\000\050\000\051}{subsection.4.5.3}% 50
\BOOKMARK [1][-]{section.4.6}{\376\377\0004\000.\0006\000\040\000g\000a\000m\000e\0002\000m\000e\000n\000u\000\040\000C\000l\000a\000s\000s\000\040\000R\000e\000f\000e\000r\000e\000n\000c\000e}{chapter.4}% 51
\BOOKMARK [2][-]{subsection.4.6.1}{\376\377\0004\000.\0006\000.\0001\000\040\000D\000e\000t\000a\000i\000l\000e\000d\000\040\000D\000e\000s\000c\000r\000i\000p\000t\000i\000o\000n}{section.4.6}% 52
\BOOKMARK [2][-]{subsection.4.6.2}{\376\377\0004\000.\0006\000.\0002\000\040\000C\000o\000n\000s\000t\000r\000u\000c\000t\000o\000r\000\040\000\046\000\040\000D\000e\000s\000t\000r\000u\000c\000t\000o\000r\000\040\000D\000o\000c\000u\000m\000e\000n\000t\000a\000t\000i\000o\000n}{section.4.6}% 53
\BOOKMARK [3][-]{subsubsection.4.6.2.1}{\376\377\0004\000.\0006\000.\0002\000.\0001\000\040\000g\000a\000m\000e\0002\000m\000e\000n\000u\000\050\000\051}{subsection.4.6.2}% 54
\BOOKMARK [2][-]{subsection.4.6.3}{\376\377\0004\000.\0006\000.\0003\000\040\000M\000e\000m\000b\000e\000r\000\040\000F\000u\000n\000c\000t\000i\000o\000n\000\040\000D\000o\000c\000u\000m\000e\000n\000t\000a\000t\000i\000o\000n}{section.4.6}% 55
\BOOKMARK [3][-]{subsubsection.4.6.3.1}{\376\377\0004\000.\0006\000.\0003\000.\0001\000\040\000B\000a\000c\000k\000k}{subsection.4.6.3}% 56
\BOOKMARK [3][-]{subsubsection.4.6.3.2}{\376\377\0004\000.\0006\000.\0003\000.\0002\000\040\000p\000l\000a\000y\000b}{subsection.4.6.3}% 57
\BOOKMARK [1][-]{section.4.7}{\376\377\0004\000.\0007\000\040\000g\000a\000m\000e\0002\000s\000c\000e\000n\000e\000\040\000C\000l\000a\000s\000s\000\040\000R\000e\000f\000e\000r\000e\000n\000c\000e}{chapter.4}% 58
\BOOKMARK [2][-]{subsection.4.7.1}{\376\377\0004\000.\0007\000.\0001\000\040\000D\000e\000t\000a\000i\000l\000e\000d\000\040\000D\000e\000s\000c\000r\000i\000p\000t\000i\000o\000n}{section.4.7}% 59
\BOOKMARK [2][-]{subsection.4.7.2}{\376\377\0004\000.\0007\000.\0002\000\040\000C\000o\000n\000s\000t\000r\000u\000c\000t\000o\000r\000\040\000\046\000\040\000D\000e\000s\000t\000r\000u\000c\000t\000o\000r\000\040\000D\000o\000c\000u\000m\000e\000n\000t\000a\000t\000i\000o\000n}{section.4.7}% 60
\BOOKMARK [3][-]{subsubsection.4.7.2.1}{\376\377\0004\000.\0007\000.\0002\000.\0001\000\040\000g\000a\000m\000e\0002\000s\000c\000e\000n\000e\000\050\000\051}{subsection.4.7.2}% 61
\BOOKMARK [2][-]{subsection.4.7.3}{\376\377\0004\000.\0007\000.\0003\000\040\000M\000e\000m\000b\000e\000r\000\040\000F\000u\000n\000c\000t\000i\000o\000n\000\040\000D\000o\000c\000u\000m\000e\000n\000t\000a\000t\000i\000o\000n}{section.4.7}% 62
\BOOKMARK [3][-]{subsubsection.4.7.3.1}{\376\377\0004\000.\0007\000.\0003\000.\0001\000\040\000c\000h\000e\000c\000k\000F\000r\000e\000s\000h}{subsection.4.7.3}% 63
\BOOKMARK [3][-]{subsubsection.4.7.3.2}{\376\377\0004\000.\0007\000.\0003\000.\0002\000\040\000c\000h\000e\000c\000k\000l\000e\000g\000a\000l\000\050\000\051}{subsection.4.7.3}% 64
\BOOKMARK [3][-]{subsubsection.4.7.3.3}{\376\377\0004\000.\0007\000.\0003\000.\0003\000\040\000d\000r\000a\000w\000P\000a\000n\000e\000l\000\050\000\051}{subsection.4.7.3}% 65
\BOOKMARK [3][-]{subsubsection.4.7.3.4}{\376\377\0004\000.\0007\000.\0003\000.\0004\000\040\000e\000n\000d\000\050\000\051}{subsection.4.7.3}% 66
\BOOKMARK [3][-]{subsubsection.4.7.3.5}{\376\377\0004\000.\0007\000.\0003\000.\0005\000\040\000o\000u\000t\000f\000l\000a\000n\000k\000\050\000\051}{subsection.4.7.3}% 67
\BOOKMARK [3][-]{subsubsection.4.7.3.6}{\376\377\0004\000.\0007\000.\0003\000.\0006\000\040\000q\000u\000i\000t\000G\000a\000m\000e}{subsection.4.7.3}% 68
\BOOKMARK [3][-]{subsubsection.4.7.3.7}{\376\377\0004\000.\0007\000.\0003\000.\0007\000\040\000r\000e\000s\000t\000a\000r\000t\000G\000a\000m\000e}{subsection.4.7.3}% 69
\BOOKMARK [1][-]{section.4.8}{\376\377\0004\000.\0008\000\040\000h\000i\000s\000t\000o\000r\000y\000w\000i\000d\000g\000e\000t\000\040\000C\000l\000a\000s\000s\000\040\000R\000e\000f\000e\000r\000e\000n\000c\000e}{chapter.4}% 70
\BOOKMARK [2][-]{subsection.4.8.1}{\376\377\0004\000.\0008\000.\0001\000\040\000D\000e\000t\000a\000i\000l\000e\000d\000\040\000D\000e\000s\000c\000r\000i\000p\000t\000i\000o\000n}{section.4.8}% 71
\BOOKMARK [2][-]{subsection.4.8.2}{\376\377\0004\000.\0008\000.\0002\000\040\000C\000o\000n\000s\000t\000r\000u\000c\000t\000o\000r\000\040\000\046\000\040\000D\000e\000s\000t\000r\000u\000c\000t\000o\000r\000\040\000D\000o\000c\000u\000m\000e\000n\000t\000a\000t\000i\000o\000n}{section.4.8}% 72
\BOOKMARK [3][-]{subsubsection.4.8.2.1}{\376\377\0004\000.\0008\000.\0002\000.\0001\000\040\000h\000i\000s\000t\000o\000r\000y\000w\000i\000d\000g\000e\000t\000\050\000\051}{subsection.4.8.2}% 73
\BOOKMARK [2][-]{subsection.4.8.3}{\376\377\0004\000.\0008\000.\0003\000\040\000M\000e\000m\000b\000e\000r\000\040\000F\000u\000n\000c\000t\000i\000o\000n\000\040\000D\000o\000c\000u\000m\000e\000n\000t\000a\000t\000i\000o\000n}{section.4.8}% 74
\BOOKMARK [3][-]{subsubsection.4.8.3.1}{\376\377\0004\000.\0008\000.\0003\000.\0001\000\040\000B\000a\000c\000k\0001}{subsection.4.8.3}% 75
\BOOKMARK [3][-]{subsubsection.4.8.3.2}{\376\377\0004\000.\0008\000.\0003\000.\0002\000\040\000g\000e\000t\000H\000i\000s\000t\000o\000r\000y\000\050\000\051}{subsection.4.8.3}% 76
\BOOKMARK [1][-]{section.4.9}{\376\377\0004\000.\0009\000\040\000m\000a\000i\000n\000W\000i\000d\000g\000e\000t\000\040\000C\000l\000a\000s\000s\000\040\000R\000e\000f\000e\000r\000e\000n\000c\000e}{chapter.4}% 77
\BOOKMARK [2][-]{subsection.4.9.1}{\376\377\0004\000.\0009\000.\0001\000\040\000D\000e\000t\000a\000i\000l\000e\000d\000\040\000D\000e\000s\000c\000r\000i\000p\000t\000i\000o\000n}{section.4.9}% 78
\BOOKMARK [2][-]{subsection.4.9.2}{\376\377\0004\000.\0009\000.\0002\000\040\000C\000o\000n\000s\000t\000r\000u\000c\000t\000o\000r\000\040\000\046\000\040\000D\000e\000s\000t\000r\000u\000c\000t\000o\000r\000\040\000D\000o\000c\000u\000m\000e\000n\000t\000a\000t\000i\000o\000n}{section.4.9}% 79
\BOOKMARK [3][-]{subsubsection.4.9.2.1}{\376\377\0004\000.\0009\000.\0002\000.\0001\000\040\000m\000a\000i\000n\000W\000i\000d\000g\000e\000t\000\050\000\051}{subsection.4.9.2}% 80
\BOOKMARK [2][-]{subsection.4.9.3}{\376\377\0004\000.\0009\000.\0003\000\040\000M\000e\000m\000b\000e\000r\000\040\000F\000u\000n\000c\000t\000i\000o\000n\000\040\000D\000o\000c\000u\000m\000e\000n\000t\000a\000t\000i\000o\000n}{section.4.9}% 81
\BOOKMARK [3][-]{subsubsection.4.9.3.1}{\376\377\0004\000.\0009\000.\0003\000.\0001\000\040\000p\000l\000a\000y\000A\000s\000G\000u\000e\000s\000t}{subsection.4.9.3}% 82
\BOOKMARK [3][-]{subsubsection.4.9.3.2}{\376\377\0004\000.\0009\000.\0003\000.\0002\000\040\000s\000i\000g\000n\000i\000n}{subsection.4.9.3}% 83
\BOOKMARK [3][-]{subsubsection.4.9.3.3}{\376\377\0004\000.\0009\000.\0003\000.\0003\000\040\000s\000i\000g\000n\000u\000p}{subsection.4.9.3}% 84
\BOOKMARK [1][-]{section.4.10}{\376\377\0004\000.\0001\0000\000\040\000p\000i\000e\000c\000e\000\040\000C\000l\000a\000s\000s\000\040\000R\000e\000f\000e\000r\000e\000n\000c\000e}{chapter.4}% 85
\BOOKMARK [2][-]{subsection.4.10.1}{\376\377\0004\000.\0001\0000\000.\0001\000\040\000D\000e\000t\000a\000i\000l\000e\000d\000\040\000D\000e\000s\000c\000r\000i\000p\000t\000i\000o\000n}{section.4.10}% 86
\BOOKMARK [2][-]{subsection.4.10.2}{\376\377\0004\000.\0001\0000\000.\0002\000\040\000C\000o\000n\000s\000t\000r\000u\000c\000t\000o\000r\000\040\000\046\000\040\000D\000e\000s\000t\000r\000u\000c\000t\000o\000r\000\040\000D\000o\000c\000u\000m\000e\000n\000t\000a\000t\000i\000o\000n}{section.4.10}% 87
\BOOKMARK [3][-]{subsubsection.4.10.2.1}{\376\377\0004\000.\0001\0000\000.\0002\000.\0001\000\040\000p\000i\000e\000c\000e\000\050\000\051}{subsection.4.10.2}% 88
\BOOKMARK [2][-]{subsection.4.10.3}{\376\377\0004\000.\0001\0000\000.\0003\000\040\000M\000e\000m\000b\000e\000r\000\040\000F\000u\000n\000c\000t\000i\000o\000n\000\040\000D\000o\000c\000u\000m\000e\000n\000t\000a\000t\000i\000o\000n}{section.4.10}% 89
\BOOKMARK [3][-]{subsubsection.4.10.3.1}{\376\377\0004\000.\0001\0000\000.\0003\000.\0001\000\040\000p\000l\000a\000c\000e}{subsection.4.10.3}% 90
\BOOKMARK [3][-]{subsubsection.4.10.3.2}{\376\377\0004\000.\0001\0000\000.\0003\000.\0002\000\040\000p\000l\000a\000c\000e\000d}{subsection.4.10.3}% 91
\BOOKMARK [3][-]{subsubsection.4.10.3.3}{\376\377\0004\000.\0001\0000\000.\0003\000.\0003\000\040\000s\000e\000t\000S\000t\000a\000t\000e\000\050\000\051}{subsection.4.10.3}% 92
\BOOKMARK [1][-]{section.4.11}{\376\377\0004\000.\0001\0001\000\040\000s\000i\000g\000n\000i\000n\000w\000i\000d\000g\000e\000t\000\040\000C\000l\000a\000s\000s\000\040\000R\000e\000f\000e\000r\000e\000n\000c\000e}{chapter.4}% 93
\BOOKMARK [2][-]{subsection.4.11.1}{\376\377\0004\000.\0001\0001\000.\0001\000\040\000D\000e\000t\000a\000i\000l\000e\000d\000\040\000D\000e\000s\000c\000r\000i\000p\000t\000i\000o\000n}{section.4.11}% 94
\BOOKMARK [2][-]{subsection.4.11.2}{\376\377\0004\000.\0001\0001\000.\0002\000\040\000C\000o\000n\000s\000t\000r\000u\000c\000t\000o\000r\000\040\000\046\000\040\000D\000e\000s\000t\000r\000u\000c\000t\000o\000r\000\040\000D\000o\000c\000u\000m\000e\000n\000t\000a\000t\000i\000o\000n}{section.4.11}% 95
\BOOKMARK [3][-]{subsubsection.4.11.2.1}{\376\377\0004\000.\0001\0001\000.\0002\000.\0001\000\040\000s\000i\000g\000n\000i\000n\000w\000i\000d\000g\000e\000t\000\050\000\051}{subsection.4.11.2}% 96
\BOOKMARK [2][-]{subsection.4.11.3}{\376\377\0004\000.\0001\0001\000.\0003\000\040\000M\000e\000m\000b\000e\000r\000\040\000F\000u\000n\000c\000t\000i\000o\000n\000\040\000D\000o\000c\000u\000m\000e\000n\000t\000a\000t\000i\000o\000n}{section.4.11}% 97
\BOOKMARK [3][-]{subsubsection.4.11.3.1}{\376\377\0004\000.\0001\0001\000.\0003\000.\0001\000\040\000c\000h\000e\000c\000k\000B\000i\000r\000t\000h\000d\000a\000y\000\050\000\051}{subsection.4.11.3}% 98
\BOOKMARK [3][-]{subsubsection.4.11.3.2}{\376\377\0004\000.\0001\0001\000.\0003\000.\0002\000\040\000g\000e\000t\000N\000a\000m\000e\000\050\000\051}{subsection.4.11.3}% 99
\BOOKMARK [3][-]{subsubsection.4.11.3.3}{\376\377\0004\000.\0001\0001\000.\0003\000.\0003\000\040\000H\000i\000s\000t\000o\000r\000y}{subsection.4.11.3}% 100
\BOOKMARK [3][-]{subsubsection.4.11.3.4}{\376\377\0004\000.\0001\0001\000.\0003\000.\0004\000\040\000p\000l\000a\000y\000G\000a\000m\000e\0001}{subsection.4.11.3}% 101
\BOOKMARK [3][-]{subsubsection.4.11.3.5}{\376\377\0004\000.\0001\0001\000.\0003\000.\0005\000\040\000p\000l\000a\000y\000G\000a\000m\000e\0002}{subsection.4.11.3}% 102
\BOOKMARK [3][-]{subsubsection.4.11.3.6}{\376\377\0004\000.\0001\0001\000.\0003\000.\0006\000\040\000q\000u\000i\000t}{subsection.4.11.3}% 103
\BOOKMARK [1][-]{section.4.12}{\376\377\0004\000.\0001\0002\000\040\000s\000i\000g\000n\000u\000p\000w\000i\000d\000g\000e\000t\000\040\000C\000l\000a\000s\000s\000\040\000R\000e\000f\000e\000r\000e\000n\000c\000e}{chapter.4}% 104
\BOOKMARK [2][-]{subsection.4.12.1}{\376\377\0004\000.\0001\0002\000.\0001\000\040\000D\000e\000t\000a\000i\000l\000e\000d\000\040\000D\000e\000s\000c\000r\000i\000p\000t\000i\000o\000n}{section.4.12}% 105
\BOOKMARK [2][-]{subsection.4.12.2}{\376\377\0004\000.\0001\0002\000.\0002\000\040\000C\000o\000n\000s\000t\000r\000u\000c\000t\000o\000r\000\040\000\046\000\040\000D\000e\000s\000t\000r\000u\000c\000t\000o\000r\000\040\000D\000o\000c\000u\000m\000e\000n\000t\000a\000t\000i\000o\000n}{section.4.12}% 106
\BOOKMARK [3][-]{subsubsection.4.12.2.1}{\376\377\0004\000.\0001\0002\000.\0002\000.\0001\000\040\000s\000i\000g\000n\000u\000p\000w\000i\000d\000g\000e\000t\000\050\000\051}{subsection.4.12.2}% 107
\BOOKMARK [2][-]{subsection.4.12.3}{\376\377\0004\000.\0001\0002\000.\0003\000\040\000M\000e\000m\000b\000e\000r\000\040\000F\000u\000n\000c\000t\000i\000o\000n\000\040\000D\000o\000c\000u\000m\000e\000n\000t\000a\000t\000i\000o\000n}{section.4.12}% 108
\BOOKMARK [3][-]{subsubsection.4.12.3.1}{\376\377\0004\000.\0001\0002\000.\0003\000.\0001\000\040\000i\000m\000a\000g\000e}{subsection.4.12.3}% 109
\BOOKMARK [3][-]{subsubsection.4.12.3.2}{\376\377\0004\000.\0001\0002\000.\0003\000.\0002\000\040\000q\000u\000i\000t}{subsection.4.12.3}% 110
\BOOKMARK [3][-]{subsubsection.4.12.3.3}{\376\377\0004\000.\0001\0002\000.\0003\000.\0003\000\040\000s\000i\000g\000n\000u\000p}{subsection.4.12.3}% 111
\BOOKMARK [1][-]{section.4.13}{\376\377\0004\000.\0001\0003\000\040\000v\000d\000e\000a\000t\000h\000\040\000C\000l\000a\000s\000s\000\040\000R\000e\000f\000e\000r\000e\000n\000c\000e}{chapter.4}% 112
\BOOKMARK [2][-]{subsection.4.13.1}{\376\377\0004\000.\0001\0003\000.\0001\000\040\000D\000e\000t\000a\000i\000l\000e\000d\000\040\000D\000e\000s\000c\000r\000i\000p\000t\000i\000o\000n}{section.4.13}% 113
\BOOKMARK [2][-]{subsection.4.13.2}{\376\377\0004\000.\0001\0003\000.\0002\000\040\000C\000o\000n\000s\000t\000r\000u\000c\000t\000o\000r\000\040\000\046\000\040\000D\000e\000s\000t\000r\000u\000c\000t\000o\000r\000\040\000D\000o\000c\000u\000m\000e\000n\000t\000a\000t\000i\000o\000n}{section.4.13}% 114
\BOOKMARK [3][-]{subsubsection.4.13.2.1}{\376\377\0004\000.\0001\0003\000.\0002\000.\0001\000\040\000v\000d\000e\000a\000t\000h\000\050\000\051}{subsection.4.13.2}% 115
\BOOKMARK [2][-]{subsection.4.13.3}{\376\377\0004\000.\0001\0003\000.\0003\000\040\000M\000e\000m\000b\000e\000r\000\040\000F\000u\000n\000c\000t\000i\000o\000n\000\040\000D\000o\000c\000u\000m\000e\000n\000t\000a\000t\000i\000o\000n}{section.4.13}% 116
\BOOKMARK [3][-]{subsubsection.4.13.3.1}{\376\377\0004\000.\0001\0003\000.\0003\000.\0001\000\040\000d\000i\000e}{subsection.4.13.3}% 117
\BOOKMARK [1][-]{section.4.14}{\376\377\0004\000.\0001\0004\000\040\000v\000i\000r\000u\000s\000\040\000C\000l\000a\000s\000s\000\040\000R\000e\000f\000e\000r\000e\000n\000c\000e}{chapter.4}% 118
\BOOKMARK [2][-]{subsection.4.14.1}{\376\377\0004\000.\0001\0004\000.\0001\000\040\000D\000e\000t\000a\000i\000l\000e\000d\000\040\000D\000e\000s\000c\000r\000i\000p\000t\000i\000o\000n}{section.4.14}% 119
\BOOKMARK [2][-]{subsection.4.14.2}{\376\377\0004\000.\0001\0004\000.\0002\000\040\000C\000o\000n\000s\000t\000r\000u\000c\000t\000o\000r\000\040\000\046\000\040\000D\000e\000s\000t\000r\000u\000c\000t\000o\000r\000\040\000D\000o\000c\000u\000m\000e\000n\000t\000a\000t\000i\000o\000n}{section.4.14}% 120
\BOOKMARK [3][-]{subsubsection.4.14.2.1}{\376\377\0004\000.\0001\0004\000.\0002\000.\0001\000\040\000v\000i\000r\000u\000s\000\050\000\051}{subsection.4.14.2}% 121
\BOOKMARK [2][-]{subsection.4.14.3}{\376\377\0004\000.\0001\0004\000.\0003\000\040\000M\000e\000m\000b\000e\000r\000\040\000F\000u\000n\000c\000t\000i\000o\000n\000\040\000D\000o\000c\000u\000m\000e\000n\000t\000a\000t\000i\000o\000n}{section.4.14}% 122
\BOOKMARK [3][-]{subsubsection.4.14.3.1}{\376\377\0004\000.\0001\0004\000.\0003\000.\0001\000\040\000k\000i\000l\000l}{subsection.4.14.3}% 123
\BOOKMARK [3][-]{subsubsection.4.14.3.2}{\376\377\0004\000.\0001\0004\000.\0003\000.\0002\000\040\000s\000e\000t\000S\000i\000z\000e\000\050\000\051}{subsection.4.14.3}% 124
\BOOKMARK [3][-]{subsubsection.4.14.3.3}{\376\377\0004\000.\0001\0004\000.\0003\000.\0003\000\040\000u\000p\000d\000a\000t\000e}{subsection.4.14.3}% 125
\BOOKMARK [0][-]{chapter.5}{\376\377\0005\000\040\000F\000i\000l\000e\000\040\000D\000o\000c\000u\000m\000e\000n\000t\000a\000t\000i\000o\000n}{}% 126
\BOOKMARK [1][-]{section.5.1}{\376\377\0005\000.\0001\000\040\000a\000c\000c\000o\000u\000n\000t\000.\000h\000\040\000F\000i\000l\000e\000\040\000R\000e\000f\000e\000r\000e\000n\000c\000e}{chapter.5}% 127
\BOOKMARK [2][-]{subsection.5.1.1}{\376\377\0005\000.\0001\000.\0001\000\040\000D\000e\000t\000a\000i\000l\000e\000d\000\040\000D\000e\000s\000c\000r\000i\000p\000t\000i\000o\000n}{section.5.1}% 128
\BOOKMARK [1][-]{section.5.2}{\376\377\0005\000.\0002\000\040\000b\000u\000t\000t\000o\000n\000.\000h\000\040\000F\000i\000l\000e\000\040\000R\000e\000f\000e\000r\000e\000n\000c\000e}{chapter.5}% 129
\BOOKMARK [2][-]{subsection.5.2.1}{\376\377\0005\000.\0002\000.\0001\000\040\000D\000e\000t\000a\000i\000l\000e\000d\000\040\000D\000e\000s\000c\000r\000i\000p\000t\000i\000o\000n}{section.5.2}% 130
\BOOKMARK [1][-]{section.5.3}{\376\377\0005\000.\0003\000\040\000g\000a\000m\000e\0001\000m\000e\000n\000u\000.\000h\000\040\000F\000i\000l\000e\000\040\000R\000e\000f\000e\000r\000e\000n\000c\000e}{chapter.5}% 131
\BOOKMARK [2][-]{subsection.5.3.1}{\376\377\0005\000.\0003\000.\0001\000\040\000D\000e\000t\000a\000i\000l\000e\000d\000\040\000D\000e\000s\000c\000r\000i\000p\000t\000i\000o\000n}{section.5.3}% 132
\BOOKMARK [1][-]{section.5.4}{\376\377\0005\000.\0004\000\040\000g\000a\000m\000e\0001\000s\000c\000e\000n\000e\000.\000h\000\040\000F\000i\000l\000e\000\040\000R\000e\000f\000e\000r\000e\000n\000c\000e}{chapter.5}% 133
\BOOKMARK [2][-]{subsection.5.4.1}{\376\377\0005\000.\0004\000.\0001\000\040\000D\000e\000t\000a\000i\000l\000e\000d\000\040\000D\000e\000s\000c\000r\000i\000p\000t\000i\000o\000n}{section.5.4}% 134
\BOOKMARK [1][-]{section.5.5}{\376\377\0005\000.\0005\000\040\000g\000a\000m\000e\0001\000s\000c\000o\000r\000e\000.\000h\000\040\000F\000i\000l\000e\000\040\000R\000e\000f\000e\000r\000e\000n\000c\000e}{chapter.5}% 135
\BOOKMARK [2][-]{subsection.5.5.1}{\376\377\0005\000.\0005\000.\0001\000\040\000D\000e\000t\000a\000i\000l\000e\000d\000\040\000D\000e\000s\000c\000r\000i\000p\000t\000i\000o\000n}{section.5.5}% 136
\BOOKMARK [1][-]{section.5.6}{\376\377\0005\000.\0006\000\040\000g\000a\000m\000e\0002\000m\000e\000n\000u\000.\000h\000\040\000F\000i\000l\000e\000\040\000R\000e\000f\000e\000r\000e\000n\000c\000e}{chapter.5}% 137
\BOOKMARK [2][-]{subsection.5.6.1}{\376\377\0005\000.\0006\000.\0001\000\040\000D\000e\000t\000a\000i\000l\000e\000d\000\040\000D\000e\000s\000c\000r\000i\000p\000t\000i\000o\000n}{section.5.6}% 138
\BOOKMARK [1][-]{section.5.7}{\376\377\0005\000.\0007\000\040\000g\000a\000m\000e\0002\000s\000c\000e\000n\000e\000.\000h\000\040\000F\000i\000l\000e\000\040\000R\000e\000f\000e\000r\000e\000n\000c\000e}{chapter.5}% 139
\BOOKMARK [2][-]{subsection.5.7.1}{\376\377\0005\000.\0007\000.\0001\000\040\000D\000e\000t\000a\000i\000l\000e\000d\000\040\000D\000e\000s\000c\000r\000i\000p\000t\000i\000o\000n}{section.5.7}% 140
\BOOKMARK [1][-]{section.5.8}{\376\377\0005\000.\0008\000\040\000g\000l\000o\000b\000a\000l\000v\000a\000r\000.\000h\000\040\000F\000i\000l\000e\000\040\000R\000e\000f\000e\000r\000e\000n\000c\000e}{chapter.5}% 141
\BOOKMARK [2][-]{subsection.5.8.1}{\376\377\0005\000.\0008\000.\0001\000\040\000D\000e\000t\000a\000i\000l\000e\000d\000\040\000D\000e\000s\000c\000r\000i\000p\000t\000i\000o\000n}{section.5.8}% 142
\BOOKMARK [1][-]{section.5.9}{\376\377\0005\000.\0009\000\040\000h\000i\000s\000t\000o\000r\000y\000w\000i\000d\000g\000e\000t\000.\000h\000\040\000F\000i\000l\000e\000\040\000R\000e\000f\000e\000r\000e\000n\000c\000e}{chapter.5}% 143
\BOOKMARK [2][-]{subsection.5.9.1}{\376\377\0005\000.\0009\000.\0001\000\040\000D\000e\000t\000a\000i\000l\000e\000d\000\040\000D\000e\000s\000c\000r\000i\000p\000t\000i\000o\000n}{section.5.9}% 144
\BOOKMARK [1][-]{section.5.10}{\376\377\0005\000.\0001\0000\000\040\000m\000a\000i\000n\000w\000i\000d\000g\000e\000t\000.\000h\000\040\000F\000i\000l\000e\000\040\000R\000e\000f\000e\000r\000e\000n\000c\000e}{chapter.5}% 145
\BOOKMARK [2][-]{subsection.5.10.1}{\376\377\0005\000.\0001\0000\000.\0001\000\040\000D\000e\000t\000a\000i\000l\000e\000d\000\040\000D\000e\000s\000c\000r\000i\000p\000t\000i\000o\000n}{section.5.10}% 146
\BOOKMARK [1][-]{section.5.11}{\376\377\0005\000.\0001\0001\000\040\000p\000i\000e\000c\000e\000.\000h\000\040\000F\000i\000l\000e\000\040\000R\000e\000f\000e\000r\000e\000n\000c\000e}{chapter.5}% 147
\BOOKMARK [2][-]{subsection.5.11.1}{\376\377\0005\000.\0001\0001\000.\0001\000\040\000D\000e\000t\000a\000i\000l\000e\000d\000\040\000D\000e\000s\000c\000r\000i\000p\000t\000i\000o\000n}{section.5.11}% 148
\BOOKMARK [1][-]{section.5.12}{\376\377\0005\000.\0001\0002\000\040\000s\000i\000g\000n\000i\000n\000w\000i\000d\000g\000e\000t\000.\000h\000\040\000F\000i\000l\000e\000\040\000R\000e\000f\000e\000r\000e\000n\000c\000e}{chapter.5}% 149
\BOOKMARK [2][-]{subsection.5.12.1}{\376\377\0005\000.\0001\0002\000.\0001\000\040\000D\000e\000t\000a\000i\000l\000e\000d\000\040\000D\000e\000s\000c\000r\000i\000p\000t\000i\000o\000n}{section.5.12}% 150
\BOOKMARK [1][-]{section.5.13}{\376\377\0005\000.\0001\0003\000\040\000s\000i\000g\000n\000u\000p\000w\000i\000d\000g\000e\000t\000.\000h\000\040\000F\000i\000l\000e\000\040\000R\000e\000f\000e\000r\000e\000n\000c\000e}{chapter.5}% 151
\BOOKMARK [2][-]{subsection.5.13.1}{\376\377\0005\000.\0001\0003\000.\0001\000\040\000D\000e\000t\000a\000i\000l\000e\000d\000\040\000D\000e\000s\000c\000r\000i\000p\000t\000i\000o\000n}{section.5.13}% 152
\BOOKMARK [1][-]{section.5.14}{\376\377\0005\000.\0001\0004\000\040\000v\000d\000e\000a\000t\000h\000.\000h\000\040\000F\000i\000l\000e\000\040\000R\000e\000f\000e\000r\000e\000n\000c\000e}{chapter.5}% 153
\BOOKMARK [2][-]{subsection.5.14.1}{\376\377\0005\000.\0001\0004\000.\0001\000\040\000D\000e\000t\000a\000i\000l\000e\000d\000\040\000D\000e\000s\000c\000r\000i\000p\000t\000i\000o\000n}{section.5.14}% 154
\BOOKMARK [1][-]{section.5.15}{\376\377\0005\000.\0001\0005\000\040\000v\000i\000r\000u\000s\000.\000h\000\040\000F\000i\000l\000e\000\040\000R\000e\000f\000e\000r\000e\000n\000c\000e}{chapter.5}% 155
\BOOKMARK [2][-]{subsection.5.15.1}{\376\377\0005\000.\0001\0005\000.\0001\000\040\000D\000e\000t\000a\000i\000l\000e\000d\000\040\000D\000e\000s\000c\000r\000i\000p\000t\000i\000o\000n}{section.5.15}% 156
